
> vibe-generated-app@1.0.0 dev
> vite


  VITE v5.4.20  ready in 200 ms

  ➜  Local:   http://localhost:3000/
  ➜  Network: http://172.20.15.124:3000/
1:44:57 PM [vite] Pre-transform error: Transform failed with 1 error:
/home/workspace/src/components/LiveDemo.jsx:54:92: ERROR: Unexpected closing "n" tag does not match opening "p" tag
1:45:32 PM [vite] Internal server error: Transform failed with 1 error:
/home/workspace/src/components/LiveDemo.jsx:54:92: ERROR: Unexpected closing "n" tag does not match opening "p" tag
  Plugin: vite:esbuild
  File: /home/workspace/src/components/LiveDemo.jsx:54:92
  
  Unexpected closing "n" tag does not match opening "p" tag
  52 |                <input type="file" accept="image/*" onChange={onPick} className="absolute inset-0 opacity-0 cursor-pointer" />
  53 |                <UploadCloud className="h-10 w-10 text-cyan-300" />
  54 |                <p className="mt-3 text-sm">Drag & drop blood smear image or click to upload</n>
     |                                                                                              ^
  55 |              </div>
  56 |              <div className="mt-4 h-10 w-full overflow-hidden rounded-lg bg-gradient-to-r from-cyan-400/20 via-fuchsia-400/20 to-emerald-400/20">
  
      at failureErrorWithLog (/home/workspace/node_modules/esbuild/lib/main.js:1472:15)
      at /home/workspace/node_modules/esbuild/lib/main.js:755:50
      at responseCallbacks.<computed> (/home/workspace/node_modules/esbuild/lib/main.js:622:9)
      at handleIncomingPacket (/home/workspace/node_modules/esbuild/lib/main.js:677:12)
      at Socket.readFromStdout (/home/workspace/node_modules/esbuild/lib/main.js:600:7)
      at Socket.emit (node:events:508:28)
      at addChunk (node:internal/streams/readable:559:12)
      at readableAddChunkPushByteMode (node:internal/streams/readable:510:3)
      at Readable.push (node:internal/streams/readable:390:5)
      at Pipe.onStreamRead (node:internal/stream_base_commons:189:23)
1:45:56 PM [vite] Internal server error: Transform failed with 1 error:
/home/workspace/src/components/LiveDemo.jsx:54:92: ERROR: Unexpected closing "n" tag does not match opening "p" tag
  Plugin: vite:esbuild
  File: /home/workspace/src/components/LiveDemo.jsx:54:92
  
  Unexpected closing "n" tag does not match opening "p" tag
  52 |                <input type="file" accept="image/*" onChange={onPick} className="absolute inset-0 opacity-0 cursor-pointer" />
  53 |                <UploadCloud className="h-10 w-10 text-cyan-300" />
  54 |                <p className="mt-3 text-sm">Drag & drop blood smear image or click to upload</n>
     |                                                                                              ^
  55 |              </div>
  56 |              <div className="mt-4 h-10 w-full overflow-hidden rounded-lg bg-gradient-to-r from-cyan-400/20 via-fuchsia-400/20 to-emerald-400/20">
  
      at failureErrorWithLog (/home/workspace/node_modules/esbuild/lib/main.js:1472:15)
      at /home/workspace/node_modules/esbuild/lib/main.js:755:50
      at responseCallbacks.<computed> (/home/workspace/node_modules/esbuild/lib/main.js:622:9)
      at handleIncomingPacket (/home/workspace/node_modules/esbuild/lib/main.js:677:12)
      at Socket.readFromStdout (/home/workspace/node_modules/esbuild/lib/main.js:600:7)
      at Socket.emit (node:events:508:28)
      at addChunk (node:internal/streams/readable:559:12)
      at readableAddChunkPushByteMode (node:internal/streams/readable:510:3)
      at Readable.push (node:internal/streams/readable:390:5)
      at Pipe.onStreamRead (node:internal/stream_base_commons:189:23)
